
ROM used: 1995 (24%)
          1995 (24%) including unused fragments

          2 Average locations per line
          7 Average locations per statement

RAM used: 25 (7%) at main() level
          57 (15%) worst case

Stack used: 7 worst case (out of 7 total available)

Lines Stmts  %   Files
----- ----- ---  -----
  133    66  22  codigo.c
   20     0   0  codigo.h
  248     0   0  C:\Archivos de programa\PICC\devices\16F876.h
   28     0   0  C:\Archivos de programa\PICC\drivers\ctype.h
   61     0   0  C:\Archivos de programa\PICC\drivers\float.h
  409   121  40  C:\Archivos de programa\PICC\drivers\string.h
   28     0   0  C:\Archivos de programa\PICC\drivers\stddef.h
  105    43  14  DS1624.c
  227    69  23  LCD_B.c
----- -----
 1259   299 Total

Page ROM  %  RAM   Vol Diff  Functions:
---- --- --- ---   --- ----  ----------
0     21   1   1             @delay_ms1
0     51   3   3             @I2C_READ_2
0     52   3   1             @I2C_WRITE_2
 Inline        0    74  1.2  temp_config
0      3   0   0    32  1.0  init
 Inline        0    91  1.2  init_temp
 Inline       10   290  3.6  read_temp
0     29   1   2             @ITOF
 Inline       14             @DIVFF
 Inline       16             @ADDFF
0      8   0   0             @const181
 Inline        3   463  4.3  lcd_read_byte
0     12   1   1   134  2.2  lcd_send_nibble
0     58   3   3   317  4.3  lcd_send_byte
0     42   2   2   422  4.7  lcd_init
0     18   1   4   186  5.5  lcd_gotoxy
0     37   2   1   272  4.1  lcd_putc
0    741  37   4    70  2.2  medirTemperatura
0     19   1   1   121  3.0  medirLuz
0     52   3   5   160  1.7  mostrarTemperatura
0     17   1   0             @const229
 Inline       13             @MULFF
 Inline        5             @FTOSD
0     66   3  13             @DIV3232
0    348  17  13             @PRINTF_L32D_201FPFPF
0      6   0   0             @const241
0     78   4   2    78  1.5  mostrarLuz
0     13   1   0             @const242
0     21   1   3             @DIV88
 Inline        2             @PRINTF_U_201
0     38   2   2   223  4.0  TIMER1_isr
0    127   6   6   914  5.2  MAIN
0     20   1   0             @const254
0     65   3  10             @FLT

Program metrics:
    Functions               16
    Statements              299
    Comments                329
    Volume (V)              6642
    Difficilty (D)          47.6
    Effort to implement (E) 316415
    Time to implement (T)   4 hours, 53 minutes
    Est Delivered Bugs (B)  2
    Cyclomatic Complexity   13
    Maintainability (MI)    126

 Segment     Used  Free
-----------  ----  ----
00000-00003     4  0  
00004-00034    49  0  
00035-007FF  1942  53  
00800-00FFF     0  2048  
01000-017FF     0  2048  
01800-01FFF     0  2048  



